<testsuite name="CalculatorTest" tests="2" failures="0" errors="0" skipped="0" time="0.123">
    <testcase classname="CalculatorTest" name="testAdd" time="0.001" />
    <testcase classname="CalculatorTest" name="testMultiply" />
</testsuite>
